[2025-11-14 11:00:43] INFO     Log file opened: /opt/proxmox-backup-go/log/backup-pbs1.tis24.it-20251114-110043.log
[2025-11-14 11:00:43] INFO     DRY RUN MODE: No actual changes will be made (enabled via DRY_RUN config)
[2025-11-14 11:00:43] INFO     Environment: pbs 3.4.6
[2025-11-14 11:00:43] INFO     Backup enabled: true
[2025-11-14 11:00:43] INFO     Debug level: INFO
[2025-11-14 11:00:43] INFO     Compression: xz (level 9, mode ultra)
[2025-11-14 11:00:43] INFO     Base directory: /opt/proxmox-backup-go (auto-detected from executable path)
[2025-11-14 11:00:43] INFO     Configuration file: ./configs/backup.env (default path)
[2025-11-14 11:00:43] INFO     Server ID: 1173879437561689
[2025-11-14 11:00:43] INFO     Server MAC Address: bc:24:11:41:0d:18
[2025-11-14 11:00:43] INFO     Server Telegram: Telegram disabled
[2025-11-14 11:00:43] INFO     Running security preflight checks...
[2025-11-14 11:00:43] INFO     Checking dependencies...
[2025-11-14 11:00:43] INFO     Dependencies check completed: all required dependencies available (optional missing: ceph)
[2025-11-14 11:00:43] WARNING  Optional dependency ceph missing: Ceph configuration collection enabled
[2025-11-14 11:00:43] WARNING  Security warning: incorrect permissions on /opt/proxmox-backup-go/build/proxmox-backup (current 755, expected 700)
[2025-11-14 11:00:43] INFO     Adjusted permissions on /opt/proxmox-backup-go/build/proxmox-backup to 700
[2025-11-14 11:00:43] WARNING  Security warning: executable hash mismatch for /opt/proxmox-backup-go/build/proxmox-backup
[2025-11-14 11:00:43] INFO     Regenerated hash file: /opt/proxmox-backup-go/build/proxmox-backup.md5
[2025-11-14 11:00:43] INFO     Security checks completed: 1 warning(s), 0 error(s)
[2025-11-14 11:00:43] INFO     Initializing backup orchestrator...
